<?xml version="1.0" encoding="UTF-8"?>
<!-- Generated by org.testng.reporters.JUnitReportReporter -->
<testsuite hostname="NU14A1" failures="0" tests="1" name="TestNGpgms.DataDrivenTesting" time="23.238" errors="0" timestamp="2023-06-01T12:44:56 IST" skipped="0">
  <testcase classname="TestNGpgms.DataDrivenTesting" name="test" time="23.238"/>
  <system-out/>
</testsuite> <!-- TestNGpgms.DataDrivenTesting -->
