<?xml version="1.0" encoding="UTF-8"?>
<!-- Generated by org.testng.reporters.JUnitReportReporter -->
<testsuite hostname="NU14A1" failures="0" tests="1" name="test.Fblogintest" time="18.004" errors="0" timestamp="2023-06-08T12:54:37 IST" skipped="0">
  <testcase classname="test.Fblogintest" name="test" time="18.004"/>
  <system-out/>
</testsuite> <!-- test.Fblogintest -->
