<?xml version="1.0" encoding="UTF-8"?>
<!-- Generated by org.testng.reporters.JUnitReportReporter -->
<testsuite hostname="NU14A1" failures="0" tests="1" name="TestNGpgms.Assertpgm" time="0.055" errors="0" timestamp="2023-06-07T19:41:31 IST" skipped="0">
  <testcase classname="TestNGpgms.Assertpgm" name="test" time="0.055"/>
  <system-out/>
</testsuite> <!-- TestNGpgms.Assertpgm -->
