<?xml version="1.0" encoding="UTF-8"?>
<!-- Generated by org.testng.reporters.JUnitReportReporter -->
<testsuite hostname="NU14A1" failures="0" tests="1" name="TestNGpgms.Task2" time="38.267" errors="0" timestamp="2023-05-29T12:53:53 IST" skipped="0">
  <testcase classname="TestNGpgms.Task2" name="test" time="38.267"/>
  <system-out/>
</testsuite> <!-- TestNGpgms.Task2 -->
