<?xml version="1.0" encoding="UTF-8"?>
<!-- Generated by org.testng.reporters.JUnitReportReporter -->
<testsuite hostname="NU14A1" failures="0" tests="1" name="TestNGpgms.Task4" time="30.832" errors="0" timestamp="2023-05-31T11:00:44 IST" skipped="0">
  <testcase classname="TestNGpgms.Task4" name="test" time="30.832"/>
  <system-out/>
</testsuite> <!-- TestNGpgms.Task4 -->
