<?xml version="1.0" encoding="UTF-8"?>
<!-- Generated by org.testng.reporters.JUnitReportReporter -->
<testsuite hostname="NU14A1" failures="0" tests="3" name="TestNGpgms.ExtendedReports" time="5.541" errors="0" timestamp="2023-06-07T20:50:58 IST" skipped="0">
  <testcase classname="TestNGpgms.ExtendedReports" name="fblogotest" time="1.443"/>
  <system-out/>
  <testcase classname="TestNGpgms.ExtendedReports" name="fbbuttontest" time="1.558"/>
  <system-out/>
  <testcase classname="TestNGpgms.ExtendedReports" name="fbtitleverification" time="2.540"/>
  <system-out/>
</testsuite> <!-- TestNGpgms.ExtendedReports -->
