<?xml version="1.0" encoding="UTF-8"?>
<!-- Generated by org.testng.reporters.JUnitReportReporter -->
<testsuite hostname="NU14A1" failures="0" tests="1" name="TestNGpgms.ParameterTest" time="0.016" errors="0" timestamp="2023-05-31T11:40:24 IST" skipped="0">
  <testcase classname="TestNGpgms.ParameterTest" name="test" time="0.016"/>
  <system-out/>
</testsuite> <!-- TestNGpgms.ParameterTest -->
