<?xml version="1.0" encoding="UTF-8"?>
<!-- Generated by org.testng.reporters.JUnitReportReporter -->
<testsuite hostname="NU14A1" failures="0" tests="1" name="TestNGpgms.Popuppgm" time="11.389" errors="0" timestamp="2023-06-12T11:50:29 IST" skipped="0">
  <testcase classname="TestNGpgms.Popuppgm" name="popup" time="11.389"/>
  <system-out/>
</testsuite> <!-- TestNGpgms.Popuppgm -->
