<?xml version="1.0" encoding="UTF-8"?>
<!-- Generated by org.testng.reporters.JUnitReportReporter -->
<testsuite hostname="NU14A1" failures="0" tests="3" name="TestNGpgms.CrossBrowserTest" time="14.985" errors="0" timestamp="2023-05-31T12:04:45 IST" skipped="0">
  <testcase classname="TestNGpgms.CrossBrowserTest" name="test" time="8.792"/>
  <system-out/>
  <testcase classname="TestNGpgms.CrossBrowserTest" name="test" time="3.607"/>
  <system-out/>
  <testcase classname="TestNGpgms.CrossBrowserTest" name="test" time="2.586"/>
  <system-out/>
</testsuite> <!-- TestNGpgms.CrossBrowserTest -->
