<?xml version="1.0" encoding="UTF-8"?>
<!-- Generated by org.testng.reporters.JUnitReportReporter -->
<testsuite hostname="NU14A1" failures="0" tests="1" name="TestNGpgms.Task5" time="0.703" errors="0" timestamp="2023-05-31T12:34:25 IST" skipped="0">
  <testcase classname="TestNGpgms.Task5" name="test" time="0.703"/>
  <system-out/>
</testsuite> <!-- TestNGpgms.Task5 -->
