<?xml version="1.0" encoding="UTF-8"?>
<!-- Generated by org.testng.reporters.JUnitReportReporter -->
<testsuite hostname="NU14A1" failures="0" tests="1" name="TestNGpgms.Task1" time="6.250" errors="0" timestamp="2023-05-27T10:41:04 IST" skipped="0">
  <testcase classname="TestNGpgms.Task1" name="createacc" time="6.250"/>
  <system-out/>
</testsuite> <!-- TestNGpgms.Task1 -->
