<?xml version="1.0" encoding="UTF-8"?>
<!-- Generated by org.testng.reporters.JUnitReportReporter -->
<testsuite hostname="NU14A1" failures="0" tests="1" name="TestNGpgms.Keyboardpgms" time="9.328" errors="0" timestamp="2023-05-30T11:02:19 IST" skipped="0">
  <testcase classname="TestNGpgms.Keyboardpgms" name="test" time="9.328"/>
  <system-out/>
</testsuite> <!-- TestNGpgms.Keyboardpgms -->
