<?xml version="1.0" encoding="UTF-8"?>
<!-- Generated by org.testng.reporters.JUnitReportReporter -->
<testsuite hostname="NU14A1" failures="0" tests="4" name="TestNGpgms.Groupingpgms" time="0.058" errors="0" timestamp="2023-05-29T11:13:36 IST" skipped="0">
  <testcase classname="TestNGpgms.Groupingpgms" name="test11" time="0.028"/>
  <system-out/>
  <testcase classname="TestNGpgms.Groupingpgms" name="test2" time="0.013"/>
  <system-out/>
  <testcase classname="TestNGpgms.Groupingpgms" name="test4" time="0.011"/>
  <system-out/>
  <testcase classname="TestNGpgms.Groupingpgms" name="test3" time="0.006"/>
  <system-out/>
</testsuite> <!-- TestNGpgms.Groupingpgms -->
