<?xml version="1.0" encoding="UTF-8"?>
<!-- Generated by org.testng.reporters.JUnitReportReporter -->
<testsuite hostname="NU14A1" failures="0" tests="1" name="TestNGpgms.Owntest" time="12.603" errors="0" timestamp="2023-05-29T10:05:26 IST" skipped="0">
  <testcase classname="TestNGpgms.Owntest" name="teest" time="12.603"/>
  <system-out/>
</testsuite> <!-- TestNGpgms.Owntest -->
