<?xml version="1.0" encoding="UTF-8"?>
<!-- Generated by org.testng.reporters.JUnitReportReporter -->
<testsuite hostname="NU14A1" failures="0" tests="1" name="TestNGpgms.Task3" time="21.252" errors="0" timestamp="2023-05-30T12:02:07 IST" skipped="0">
  <testcase classname="TestNGpgms.Task3" name="test" time="21.252"/>
  <system-out/>
</testsuite> <!-- TestNGpgms.Task3 -->
