<?xml version="1.0" encoding="UTF-8"?>
<!-- Generated by org.testng.reporters.JUnitReportReporter -->
<testsuite hostname="NU14A1" failures="0" tests="1" name="TestNGpgms.DatePickerpgm" time="28.121" errors="0" timestamp="2023-06-07T19:17:07 IST" skipped="0">
  <testcase classname="TestNGpgms.DatePickerpgm" name="test" time="28.121"/>
  <system-out/>
</testsuite> <!-- TestNGpgms.DatePickerpgm -->
