<?xml version="1.0" encoding="UTF-8"?>
<!-- Generated by org.testng.reporters.JUnitReportReporter -->
<testsuite hostname="NU14A1" failures="0" tests="1" name="TestNGpgms.FileUploadingpgm" time="21.136" errors="0" timestamp="2023-06-05T11:50:54 IST" skipped="0">
  <testcase classname="TestNGpgms.FileUploadingpgm" name="testing" time="21.136"/>
  <system-out/>
</testsuite> <!-- TestNGpgms.FileUploadingpgm -->
