<?xml version="1.0" encoding="UTF-8"?>
<!-- Generated by org.testng.reporters.JUnitReportReporter -->
<testsuite hostname="NU14A1" failures="0" tests="5" name="TestNGpgms.TestNGdemo" time="25.695" errors="0" timestamp="2023-05-25T12:39:07 IST" skipped="0">
  <testcase classname="TestNGpgms.TestNGdemo" name="a" time="5.760"/>
  <system-out/>
  <testcase classname="TestNGpgms.TestNGdemo" name="c" time="5.079"/>
  <system-out/>
  <testcase classname="TestNGpgms.TestNGdemo" name="c" time="4.801"/>
  <system-out/>
  <testcase classname="TestNGpgms.TestNGdemo" name="c" time="4.941"/>
  <system-out/>
  <testcase classname="TestNGpgms.TestNGdemo" name="b" time="5.114"/>
  <system-out/>
</testsuite> <!-- TestNGpgms.TestNGdemo -->
